<?xml version="1.0" encoding="UTF-8"?>
<!-- Generated by org.testng.reporters.JUnitXMLReporter -->
<testsuite hostname="DESKTOP-37TMK79" ignored="0" name="Test" tests="2" failures="1" timestamp="2022-02-08T14:24:32 IST" time="10.353" errors="0">
  <testcase name="loginTest" time="7.194" classname="com.tests.LoginTest"/>
  <testcase name="failTest" time="0.485" classname="com.tests.LoginTest">
    <failure type="java.lang.AssertionError" message="expected [JavaByKiran | Log In] but found [JavaByKiran | Dashboard]">
      <![CDATA[java.lang.AssertionError: expected [JavaByKiran | Log In] but found [JavaByKiran | Dashboard]
at com.tests.LoginTest.failTest(LoginTest.java:38)
at java.util.ArrayList.forEach(ArrayList.java:1249)
... Removed 33 stack frames]]>
    </failure>
  </testcase> <!-- failTest -->
</testsuite> <!-- Test -->
